

Started GET "/greeting" for 127.0.0.1 at Wed Mar 02 07:11:42 -0800 2011

ActionController::RoutingError (No route matches "/greeting"):
  

Rendered /Library/Ruby/Gems/1.8/gems/actionpack-3.0.5/lib/action_dispatch/middleware/templates/rescues/routing_error.erb within rescues/layout (0.7ms)


Started GET "/Greeting" for 127.0.0.1 at Wed Mar 02 07:13:30 -0800 2011

ActionController::RoutingError (No route matches "/Greeting"):
  

Rendered /Library/Ruby/Gems/1.8/gems/actionpack-3.0.5/lib/action_dispatch/middleware/templates/rescues/routing_error.erb within rescues/layout (0.7ms)


Started GET "/greeting" for 127.0.0.1 at Wed Mar 02 07:14:53 -0800 2011

ActionController::RoutingError (No route matches "/greeting"):
  

Rendered /Library/Ruby/Gems/1.8/gems/actionpack-3.0.5/lib/action_dispatch/middleware/templates/rescues/routing_error.erb within rescues/layout (0.7ms)


Started GET "/greeting" for 127.0.0.1 at Wed Mar 02 07:18:31 -0800 2011

NameError (undefined local variable or method `greeting' for #<ActionDispatch::Routing::Mapper:0x103c8f330>):
  config/routes.rb:4
  config/routes.rb:1

Rendered /Library/Ruby/Gems/1.8/gems/actionpack-3.0.5/lib/action_dispatch/middleware/templates/rescues/_trace.erb (1.0ms)
Rendered /Library/Ruby/Gems/1.8/gems/actionpack-3.0.5/lib/action_dispatch/middleware/templates/rescues/_request_and_response.erb (13.8ms)
Rendered /Library/Ruby/Gems/1.8/gems/actionpack-3.0.5/lib/action_dispatch/middleware/templates/rescues/diagnostics.erb within rescues/layout (20.9ms)


Started GET "/greeting" for 127.0.0.1 at Wed Mar 02 07:19:00 -0800 2011

NameError (undefined local variable or method `hello' for #<ActionDispatch::Routing::Mapper:0x103bf9308>):
  config/routes.rb:4
  config/routes.rb:1

Rendered /Library/Ruby/Gems/1.8/gems/actionpack-3.0.5/lib/action_dispatch/middleware/templates/rescues/_trace.erb (1.0ms)
Rendered /Library/Ruby/Gems/1.8/gems/actionpack-3.0.5/lib/action_dispatch/middleware/templates/rescues/_request_and_response.erb (1.3ms)
Rendered /Library/Ruby/Gems/1.8/gems/actionpack-3.0.5/lib/action_dispatch/middleware/templates/rescues/diagnostics.erb within rescues/layout (6.5ms)


Started GET "/greeting" for 127.0.0.1 at Wed Mar 02 07:19:03 -0800 2011

ActionController::RoutingError (No route matches "/greeting"):
  

Rendered /Library/Ruby/Gems/1.8/gems/actionpack-3.0.5/lib/action_dispatch/middleware/templates/rescues/routing_error.erb within rescues/layout (0.7ms)


Started GET "/greeting" for 127.0.0.1 at Wed Mar 02 07:21:06 -0800 2011

SyntaxError (/Users/mpiech/src/hello/config/routes.rb:62: syntax error, unexpected kEND, expecting $end):
  

Rendered /Library/Ruby/Gems/1.8/gems/actionpack-3.0.5/lib/action_dispatch/middleware/templates/rescues/_trace.erb (1.0ms)
Rendered /Library/Ruby/Gems/1.8/gems/actionpack-3.0.5/lib/action_dispatch/middleware/templates/rescues/_request_and_response.erb (1.4ms)
Rendered /Library/Ruby/Gems/1.8/gems/actionpack-3.0.5/lib/action_dispatch/middleware/templates/rescues/diagnostics.erb within rescues/layout (6.6ms)


Started GET "/greeting" for 127.0.0.1 at Wed Mar 02 07:21:22 -0800 2011
  Processing by GreetingController#index as HTML
Rendered greeting/index.html.erb within layouts/application (2.7ms)
Completed 200 OK in 10ms (Views: 9.1ms | ActiveRecord: 0.0ms)


Started GET "/greeting" for 127.0.0.1 at 2011-03-04 05:33:06 -0800
  Processing by GreetingController#index as HTML
Rendered greeting/index.html.erb within layouts/application (2.9ms)
Completed 200 OK in 10ms (Views: 9.4ms | ActiveRecord: 0.0ms)


Started GET "/greeting" for 127.0.0.1 at Mon Jun 13 17:00:57 -0700 2011
  Processing by GreetingController#index as HTML
Rendered greeting/index.html.erb within layouts/application (2.0ms)
Completed 200 OK in 9ms (Views: 8.6ms | ActiveRecord: 0.0ms)
